<?xml version="1.0" encoding="UTF-8"?>
<testsuite name="ru.mail.polis.homework.objects.StringTasksTest" tests="1" skipped="0" failures="0" errors="0" timestamp="2020-03-21T18:27:42" hostname="LAPTOP-OIDL8GPS" time="0.003">
  <properties/>
  <testcase name="valueOf" classname="ru.mail.polis.homework.objects.StringTasksTest" time="0.003"/>
  <system-out><![CDATA[]]></system-out>
  <system-err><![CDATA[]]></system-err>
</testsuite>
